Rider Entry Point...
18:23:54.143 |V| --LOGLOG:NativeMemoryPool--    | WatchParentPid:75298:4         | New memory block allocated, size: 1,048,576 bytes, total allocated blocks: 0, used: 0

18:23:54.146 |V| --LOGLOG:NativeMemoryPool--    | :1                             | New memory block allocated, size: 1,048,576 bytes, total allocated blocks: 1, used: 1

18:23:54.167 |I| --LOGLOG--                     | :1                             | Initializing LogManager with path=/Users/main/.gradle/caches/modules-2/files-2.1/com.jetbrains.intellij.rider/riderRD/2024.1/f2b801fd987fbe249222ea8de791bce38384b5c3/riderRD-2024.1/bin/backend-log.xml, subconfiguration=Debug

18:23:54.170 |I| --LOGLOG--                     | :1                             | Listening of folder /Users/main/.gradle/caches/modules-2/files-2.1/com.jetbrains.intellij.rider/riderRD/2024.1/f2b801fd987fbe249222ea8de791bce38384b5c3/riderRD-2024.1/bin is DISABLED. Platform: MacOsX.

18:23:54.171 |I| --LOGLOG--                     | :1                             | Reconfigure logger, ReadBinary=[True], Subconf=[Debug], Xml=/Users/main/.gradle/caches/modules-2/files-2.1/com.jetbrains.intellij.rider/riderRD/2024.1/f2b801fd987fbe249222ea8de791bce38384b5c3/riderRD-2024.1/bin/backend-log.xml

JetBrains Rider 2024.1 
Running in .NET Core v8.0.1 ARM64 runtime
18:23:54.223 |I| --LOGLOG--                     | :1                             | Added omnipresent logger with type [JetBrains.Util.Console.ConsoleLoggerListener] and level [INFO]

18:23:58.235 |I| --LOGLOG--                     | :1                             | Added omnipresent logger with type [JetBrains.UI.Application.LogEventListener] and level [INFO]. Filters: <len=1>[BurstFilter[level=ERROR, lastburst=1, rates=0]]

JetBrains Rider 2024.1
Running on ARM64 OS in ARM64 architecture, .NET 8.0.1 under Darwin 23.5.0 Darwin Kernel Version 23.5.0: Wed May  1 20:12:58 PDT 2024; root:xnu-10063.121.3~5/RELEASE_ARM64_T6000
18:23:58.515 |I| --LOGLOG--                     | :1                             | Removed omnipresent logger with type [JetBrains.Util.Console.ConsoleLoggerListener] and level [INFO]

18:23:58.515 |I| --LOGLOG--                     | :1                             | Added omnipresent logger with type [JetBrains.ReSharperAutomationTools.CommandLine.Common.Console.Util.Logging.ConsoleToolLogger] and level [INFO]

18:23:58.516 |V| --LOGLOG:NativeMemoryPool--    | JetPool(S) #5:26               | New memory block allocated, size: 1,048,576 bytes, total allocated blocks: 2, used: 2

18:23:58.563 |I| --LOGLOG--                     | :1                             | Removed omnipresent logger with type [JetBrains.ReSharperAutomationTools.CommandLine.Common.Console.Util.Logging.ConsoleToolLogger] and level [INFO]

18:23:58.563 |I| --LOGLOG--                     | :1                             | Added omnipresent logger with type [JetBrains.Util.Console.ConsoleLoggerListener] and level [WARN]. Filters: <len=1>[JetBrains.Rider.Backend.Features.Loggers.RiderStderrThresholdFilter]

18:23:58.563 |I| --LOGLOG--                     | :1                             | Added omnipresent logger with type [JetBrains.Rider.Backend.Features.Loggers.LoggerHost] and level [INFO]

18:23:58.563 |I| --LOGLOG--                     | :1                             | Removed omnipresent logger with type [JetBrains.UI.Application.LogEventListener] and level [INFO]

18:24:22.982 |V| --LOGLOG:UnsafeWriter--        | :1                             | Realloc UnsafeWriter, current: 1,048,576 bytes, new: 2,097,152

18:24:22.983 |V| --LOGLOG:UnsafeWriter--        | :1                             | Realloc UnsafeWriter, current: 2,097,152 bytes, new: 4,194,304

18:24:30.888 |I| --LOGLOG--                     | :1                             | Apply Transformation >> Enable RD trace categories: <len=0>

